#-----------------------------------------------------------
# Vivado v2019.2 (64-bit)
# SW Build 2708876 on Wed Nov  6 21:40:23 MST 2019
# IP Build 2700528 on Thu Nov  7 00:09:20 MST 2019
# Start of session at: Thu Nov 25 09:58:02 2021
# Process ID: 15420
# Current directory: C:/vivado/CPU_CDE2/mycpu_verify/run_vivado/mycpu_prj1
# Command line: vivado.exe -gui_launcher_event rodinguilauncherevent12060 C:\vivado\CPU_CDE2\mycpu_verify\run_vivado\mycpu_prj1\mycpu.xpr
# Log file: C:/vivado/CPU_CDE2/mycpu_verify/run_vivado/mycpu_prj1/vivado.log
# Journal file: C:/vivado/CPU_CDE2/mycpu_verify/run_vivado/mycpu_prj1\vivado.jou
#-----------------------------------------------------------
start_gui
open_project C:/vivado/CPU_CDE2/mycpu_verify/run_vivado/mycpu_prj1/mycpu.xpr
Scanning sources...
Finished scanning sources
WARNING: [filemgmt 56-3] IPUserFilesDir: Could not find the directory 'C:/vivado/CPU_CDE2/mycpu_verify/run_vivado/mycpu_prj1/mycpu.ip_user_files'.
INFO: [IP_Flow 19-234] Refreshing IP repositories
INFO: [IP_Flow 19-1704] No user IP repositories specified
INFO: [IP_Flow 19-2313] Loaded Vivado IP repository 'C:/Xilinx/Vivado/2019.2/data/ip'.
open_project: Time (s): cpu = 00:00:15 ; elapsed = 00:00:09 . Memory (MB): peak = 874.953 ; gain = 244.547
update_compile_order -fileset sources_1
add_files -norecurse C:/vivado/CPU_CDE2/mycpu_verify/rtl/mycpu/alu.v
update_compile_order -fileset sources_1
update_compile_order -fileset sources_1
exit
INFO: [Common 17-206] Exiting Vivado at Thu Nov 25 18:26:23 2021...
